<?xml version="1.0" encoding="UTF-8"?>
<testng-results ignored="0" total="1" passed="1" failed="0" skipped="0">
  <reporter-output>
  </reporter-output>
  <suite started-at="2024-07-02T00:24:25 IST" name="Default suite" finished-at="2024-07-02T00:24:37 IST" duration-ms="11819">
    <groups>
    </groups>
    <test started-at="2024-07-02T00:24:25 IST" name="Default test" finished-at="2024-07-02T00:24:37 IST" duration-ms="11819">
      <class name="com.demowebshop.tests.EmailTest">
        <test-method is-config="true" signature="initializeDriver(java.lang.String)[pri:0, instance:com.demowebshop.tests.EmailTest@38d8f54a]" started-at="2024-07-02T00:24:25 IST" name="initializeDriver" finished-at="2024-07-02T00:24:30 IST" duration-ms="4895" status="PASS">
          <params>
            <param index="0">
              <value is-null="true"/>
            </param>
          </params>
          <reporter-output>
          </reporter-output>
        </test-method> <!-- initializeDriver -->
        <test-method signature="verifyUserIsAbleToEmailAFriend()[pri:0, instance:com.demowebshop.tests.EmailTest@38d8f54a]" started-at="2024-07-02T00:24:30 IST" name="verifyUserIsAbleToEmailAFriend" finished-at="2024-07-02T00:24:37 IST" duration-ms="6652" status="PASS">
          <reporter-output>
          </reporter-output>
        </test-method> <!-- verifyUserIsAbleToEmailAFriend -->
        <test-method is-config="true" signature="tearDown()[pri:0, instance:com.demowebshop.tests.EmailTest@38d8f54a]" started-at="2024-07-02T00:24:37 IST" name="tearDown" finished-at="2024-07-02T00:24:37 IST" duration-ms="211" status="PASS">
          <reporter-output>
          </reporter-output>
        </test-method> <!-- tearDown -->
      </class> <!-- com.demowebshop.tests.EmailTest -->
    </test> <!-- Default test -->
  </suite> <!-- Default suite -->
</testng-results>
